<?xml version="1.0" encoding="UTF-8"?>
<!-- Generated by org.testng.reporters.JUnitReportReporter -->
<testsuite hostname="lenovo" name="gitJenkinsGP.gitJenkinsAP.gitJenkinsTestNG" tests="1" failures="0" timestamp="16 May 2018 03:05:34 GMT" time="0.010" errors="0">
  <testcase name="functName" time="0.010" classname="gitJenkinsGP.gitJenkinsAP.gitJenkinsTestNG"/>
</testsuite> <!-- gitJenkinsGP.gitJenkinsAP.gitJenkinsTestNG -->
