<?xml version="1.0" encoding="UTF-8"?>
<!-- Generated by org.testng.reporters.JUnitReportReporter -->
<testsuite skipped="0" hostname="lenovo" name="gitJenkinsGP.gitJenkinsAP.gitJenkinsTestNG" tests="1" failures="0" timestamp="16 May 2018 02:20:30 GMT" time="0.014" errors="0">
  <testcase name="functName" time="0.014" classname="gitJenkinsGP.gitJenkinsAP.gitJenkinsTestNG"/>
</testsuite> <!-- gitJenkinsGP.gitJenkinsAP.gitJenkinsTestNG -->
